-------------------------------------------------------------------------------
Test set: com.dwp.controller.ContentBasedRouteControllerTest
-------------------------------------------------------------------------------
Tests run: 1, Failures: 0, Errors: 1, Skipped: 0, Time elapsed: 2.993 s <<< FAILURE! - in com.dwp.controller.ContentBasedRouteControllerTest
testHandleInboundRequest(com.dwp.controller.ContentBasedRouteControllerTest)  Time elapsed: 0.003 s  <<< ERROR!
java.lang.IllegalStateException: Failed to load ApplicationContext
Caused by: org.springframework.beans.factory.UnsatisfiedDependencyException: Error creating bean with name 'contentBasedRouteController' defined in file [C:\for Daddy\workspace2\Content_Based_Route_Microservice\target\classes\com\dwp\controller\ContentBasedRouteController.class]: Unsatisfied dependency expressed through constructor parameter 0; nested exception is org.springframework.beans.factory.NoSuchBeanDefinitionException: No qualifying bean of type 'com.dwp.service.rabbitmq.MessageSender' available: expected at least 1 bean which qualifies as autowire candidate. Dependency annotations: {}
Caused by: org.springframework.beans.factory.NoSuchBeanDefinitionException: No qualifying bean of type 'com.dwp.service.rabbitmq.MessageSender' available: expected at least 1 bean which qualifies as autowire candidate. Dependency annotations: {}

